[INFO ] 2022-07-21 22:31:58.363 [main] Log4jDemo - This is information message 
[ERROR] 2022-07-21 22:31:58.365 [main] Log4jDemo - This is an error message
[FATAL] 2022-07-21 22:31:58.366 [main] Log4jDemo - This is an fatal message
[WARN ] 2022-07-21 22:31:58.366 [main] Log4jDemo - This is an warn message
[INFO ] 2022-07-21 22:37:54.322 [main] Log4jDemo - This is information message 
[ERROR] 2022-07-21 22:37:54.326 [main] Log4jDemo - This is an error message
[FATAL] 2022-07-21 22:37:54.326 [main] Log4jDemo - This is an fatal message
[WARN ] 2022-07-21 22:37:54.326 [main] Log4jDemo - This is an warn message
[INFO ] 2022-07-21 22:41:56.547 [main] Log4jDemo - This is information message 
[ERROR] 2022-07-21 22:41:56.549 [main] Log4jDemo - This is an error message
[FATAL] 2022-07-21 22:41:56.554 [main] Log4jDemo - This is an fatal message
[WARN ] 2022-07-21 22:41:56.555 [main] Log4jDemo - This is an warn message
[INFO ] 2022-07-21 22:42:13.366 [main] Log4jDemo - This is information message 
[ERROR] 2022-07-21 22:42:13.369 [main] Log4jDemo - This is an error message
[FATAL] 2022-07-21 22:42:13.369 [main] Log4jDemo - This is an fatal message
[WARN ] 2022-07-21 22:42:13.369 [main] Log4jDemo - This is an warn message
[INFO ] 2022-07-21 22:42:34.878 [main] Log4jDemo - This is information message 
[ERROR] 2022-07-21 22:42:34.880 [main] Log4jDemo - This is an error message
[FATAL] 2022-07-21 22:42:34.880 [main] Log4jDemo - This is an fatal message
[WARN ] 2022-07-21 22:42:34.880 [main] Log4jDemo - This is an warn message
[INFO ] 2022-07-21 22:42:49.495 [main] Log4jDemo - This is information message 
[ERROR] 2022-07-21 22:42:49.498 [main] Log4jDemo - This is an error message
[FATAL] 2022-07-21 22:42:49.498 [main] Log4jDemo - This is an fatal message
[WARN ] 2022-07-21 22:42:49.498 [main] Log4jDemo - This is an warn message
[TRACE] 2022-07-21 22:45:16.757 [main] Log4jDemo - This is trace message
[INFO ] 2022-07-21 22:45:16.760 [main] Log4jDemo - This is information message 
[ERROR] 2022-07-21 22:45:16.760 [main] Log4jDemo - This is an error message
[FATAL] 2022-07-21 22:45:16.760 [main] Log4jDemo - This is an fatal message
[WARN ] 2022-07-21 22:45:16.760 [main] Log4jDemo - This is an warn message
[TRACE] 2022-07-21 22:53:26.647 [main] Log4jDemo - This is trace message
[INFO ] 2022-07-21 22:53:26.650 [main] Log4jDemo - This is information message 
[ERROR] 2022-07-21 22:53:26.650 [main] Log4jDemo - This is an error message
[FATAL] 2022-07-21 22:53:26.650 [main] Log4jDemo - This is an fatal message
[WARN ] 2022-07-21 22:53:26.650 [main] Log4jDemo - This is an warn message
